<?xml version="1.0" encoding="UTF-8"?>
<!-- Generated by org.testng.reporters.JUnitReportReporter -->
<testsuite skipped="0" hostname="DESKTOP-8N8BD9R" name="com.leafBot.testcases.TC003_hovering" tests="1" failures="0" timestamp="07 Feb 2020 00:57:03 GMT" time="35.184" errors="0">
  <testcase name="hover" time="35.184" classname="com.leafBot.testcases.TC003_hovering"/>
</testsuite> <!-- com.leafBot.testcases.TC003_hovering -->
