<?xml version="1.0" encoding="UTF-8"?>
<!-- Generated by org.testng.reporters.JUnitReportReporter -->
<testsuite skipped="0" hostname="DESKTOP-8N8BD9R" name="com.leafBot.testcases.TC001_SignIN" tests="1" failures="0" timestamp="07 Feb 2020 00:57:03 GMT" time="30.762" errors="0">
  <testcase name="sign_in" time="30.762" classname="com.leafBot.testcases.TC001_SignIN"/>
</testsuite> <!-- com.leafBot.testcases.TC001_SignIN -->
