<?xml version="1.0" encoding="UTF-8"?>
<!-- Generated by org.testng.reporters.JUnitReportReporter -->
<testsuite skipped="0" hostname="MAA-5CG7041Q2D" name="com.leafBot.testcases.TC005_Radio_Button" tests="1" failures="0" timestamp="07 Aug 2019 13:56:06 GMT" time="26.453" errors="0">
  <testcase name="radioButton" time="26.453" classname="com.leafBot.testcases.TC005_Radio_Button"/>
</testsuite> <!-- com.leafBot.testcases.TC005_Radio_Button -->
