<?xml version="1.0" encoding="UTF-8"?>
<!-- Generated by org.testng.reporters.JUnitReportReporter -->
<testsuite skipped="0" hostname="MAA-5CG7041Q2D" name="com.leafBot.testcases.TC002_InputForm" tests="1" failures="0" timestamp="07 Aug 2019 13:56:06 GMT" time="14.039" errors="0">
  <testcase name="Input_form" time="14.039" classname="com.leafBot.testcases.TC002_InputForm"/>
</testsuite> <!-- com.leafBot.testcases.TC002_InputForm -->
