<?xml version="1.0" encoding="UTF-8"?>
<!-- Generated by org.testng.reporters.JUnitReportReporter -->
<testsuite skipped="0" hostname="DESKTOP-8N8BD9R" name="com.leafBot.testcases.TC_001" tests="1" failures="0" timestamp="2020-02-08T17:59:21 IST" time="91.817" errors="0">
  <testcase name="click_element" time="91.817" classname="com.leafBot.testcases.TC_001"/>
  <system-out/>
</testsuite> <!-- com.leafBot.testcases.TC_001 -->
