<?xml version="1.0" encoding="UTF-8"?>
<!-- Generated by org.testng.reporters.JUnitReportReporter -->
<testsuite skipped="0" hostname="DESKTOP-8N8BD9R" name="com.leafBot.testcases.TC002_select_devices" tests="1" failures="0" timestamp="07 Feb 2020 00:57:03 GMT" time="26.818" errors="0">
  <testcase name="select_devices" time="26.818" classname="com.leafBot.testcases.TC002_select_devices"/>
</testsuite> <!-- com.leafBot.testcases.TC002_select_devices -->
