<?xml version="1.0" encoding="UTF-8"?>
<!-- Generated by org.testng.reporters.JUnitReportReporter -->
<testsuite skipped="0" hostname="MAA-5CG7041Q2D" name="com.leafBot.testcases.TC_002" tests="1" failures="0" timestamp="2020-03-10T12:40:56 IST" time="46.249" errors="0">
  <testcase name="navigate_to_elements" time="46.249" classname="com.leafBot.testcases.TC_002"/>
  <system-out/>
</testsuite> <!-- com.leafBot.testcases.TC_002 -->
